<?xml version="1.0" encoding="UTF-8"?>
<!-- Generated by org.testng.reporters.JUnitReportReporter -->
<testsuite hostname="EQHP-R38G-12" failures="0" tests="2" name="Tests.Registry_Module3_MCII_Test" time="46.003" errors="0" timestamp="2023-08-31T17:43:32 IST" skipped="1">
  <testcase classname="Tests.Registry_Module3_MCII_Test" name="Verification_of_Start_and_End_Reporting_Period_on_Offset_Issuance_Page" time="46.003"/>
  <system-out/>
  <testcase classname="Tests.Registry_Module3_MCII_Test" name="Validation_of_Quantity_field_against_Total_Adjusted_Allowance_Budget_Summed_for_all_budget_years_for_Vintaged_allowance_issuance">
    <skipped/>
  </testcase> <!-- Validation_of_Quantity_field_against_Total_Adjusted_Allowance_Budget_Summed_for_all_budget_years_for_Vintaged_allowance_issuance -->
  <system-out/>
</testsuite> <!-- Tests.Registry_Module3_MCII_Test -->
