<?xml version="1.0" encoding="UTF-8"?>
<!-- Generated by org.testng.reporters.JUnitReportReporter -->
<testsuite hostname="EQHP-R38G-12" failures="0" tests="2" name="Tests.Registry_Module3_MCII_Test" time="243.066" errors="0" timestamp="2023-09-06T14:58:54 IST" skipped="1">
  <testcase classname="Tests.Registry_Module3_MCII_Test" name="Verification_of_Serialized_Block_code_Start_End_on_Compliance_Instruments_table_for_Approved_Allowance_Issuance" time="243.066"/>
  <system-out/>
  <testcase classname="Tests.Registry_Module3_MCII_Test" name="Validation_of_Quantity_field_against_Total_Adjusted_Allowance_Budget_Summed_for_all_budget_years_for_Vintaged_allowance_issuance">
    <skipped/>
  </testcase> <!-- Validation_of_Quantity_field_against_Total_Adjusted_Allowance_Budget_Summed_for_all_budget_years_for_Vintaged_allowance_issuance -->
  <system-out/>
</testsuite> <!-- Tests.Registry_Module3_MCII_Test -->
