<?xml version="1.0" encoding="UTF-8"?>
<!-- Generated by org.testng.reporters.JUnitReportReporter -->
<testsuite hostname="EQHP-R38G-12" failures="0" tests="1" name="Tests.Registry_Module3_OM_Test" time="102.403" errors="0" timestamp="2023-08-29T15:28:39 IST" skipped="0">
  <testcase classname="Tests.Registry_Module3_OM_Test" name="Verification_of_functionality_of_Displayed_in_Drop_Down_on_Edit_Verification_Body_screen" time="102.403"/>
  <system-out/>
</testsuite> <!-- Tests.Registry_Module3_OM_Test -->
